<?xml version="1.0" encoding="UTF-8"?>
<!-- Generated by org.testng.reporters.JUnitXMLReporter -->
<testsuite hostname="LT-CND7303L3R" ignored="0" name="Default test" tests="4" failures="0" timestamp="24 Mar 2018 14:18:19 GMT" time="41.835" errors="0">
  <testcase name="testInvalidUsernameTC1" time="1.363" classname="com.clusters.test.smoke.TestLoginSC3879"/>
  <testcase name="tesValidUsernameTC2" time="1.624" classname="com.clusters.test.smoke.TestLoginSC3879"/>
  <testcase name="testInvalidPasswordTC3" time="3.549" classname="com.clusters.test.smoke.TestLoginSC3879"/>
  <testcase name="testForgotEmailTC4" time="1.001" classname="com.clusters.test.smoke.TestLoginSC3879"/>
</testsuite> <!-- Default test -->
