<?xml version="1.0" encoding="UTF-8"?>
<!-- Generated by org.testng.reporters.JUnitXMLReporter -->
<testsuite hostname="LT-CND7303L3R" ignored="0" name="Default test" tests="4" failures="0" timestamp="22 Mar 2018 16:47:27 GMT" time="33.14" errors="0">
  <testcase name="testInvalidUsernameTC1" time="0.903" classname="com.clusters.test.smoke.TestLoginSC3879"/>
  <testcase name="tesValidUsernameTC2" time="1.646" classname="com.clusters.test.smoke.TestLoginSC3879"/>
  <testcase name="testInvalidPasswordTC3" time="2.967" classname="com.clusters.test.smoke.TestLoginSC3879"/>
  <testcase name="testForgotEmailTC4" time="0.888" classname="com.clusters.test.smoke.TestLoginSC3879"/>
</testsuite> <!-- Default test -->
